<?xml version="1.0" encoding="UTF-8"?>
<!-- Generated by org.testng.reporters.JUnitReportReporter -->
<testsuite skipped="0" hostname="MS-20170914WAMZ" name="testsutes.TestWithPOM" tests="1" failures="0" timestamp="10 十月 2017 07:08:30 GMT" time="4.028" errors="0">
  <testcase name="testLogin" time="4.028" classname="testsutes.TestWithPOM"/>
</testsuite> <!-- testsutes.TestWithPOM -->
