<?xml version="1.0" encoding="UTF-8"?>
<!-- Generated by org.testng.reporters.JUnitReportReporter -->
<testsuite skipped="0" hostname="MS-20170914WAMZ" name="testngdemo.TestNG_Demo3" tests="1" failures="0" timestamp="07 十二月 2017 01:40:39 GMT" time="0.000" errors="0">
  <testcase name="test1" time="0.000" classname="testngdemo.TestNG_Demo3"/>
</testsuite> <!-- testngdemo.TestNG_Demo3 -->
