<?xml version="1.0" encoding="UTF-8"?>
<!-- Generated by org.testng.reporters.JUnitReportReporter -->
<testsuite skipped="0" hostname="MS-20170914WAMZ" name="testngdemo2.TestInvocation" tests="1" failures="0" timestamp="07 十二月 2017 02:20:14 GMT" time="5.051" errors="0">
  <testcase name="loginTest" time="5.051" classname="testngdemo2.TestInvocation"/>
</testsuite> <!-- testngdemo2.TestInvocation -->
