<?xml version="1.0" encoding="UTF-8"?>
<!-- Generated by org.testng.reporters.JUnitReportReporter -->
<testsuite skipped="0" hostname="MS-20170914WAMZ" name="testngdemo2.TestNG_Demo2" tests="2" failures="0" timestamp="07 十二月 2017 01:28:52 GMT" time="0.000" errors="0">
  <testcase name="test2" time="0.000" classname="testngdemo2.TestNG_Demo2"/>
  <testcase name="test1" time="0.000" classname="testngdemo2.TestNG_Demo2"/>
</testsuite> <!-- testngdemo2.TestNG_Demo2 -->
