<?xml version="1.0" encoding="UTF-8"?>
<!-- Generated by org.testng.reporters.JUnitReportReporter -->
<testsuite skipped="0" hostname="MS-20170914WAMZ" name="testngdemo3.TestAssert6" tests="1" failures="0" timestamp="07 十二月 2017 03:02:15 GMT" time="0.017" errors="0">
  <testcase name="AssertTest" time="0.017" classname="testngdemo3.TestAssert6"/>
</testsuite> <!-- testngdemo3.TestAssert6 -->
