<?xml version="1.0" encoding="UTF-8"?>
<!-- Generated by org.testng.reporters.JUnitReportReporter -->
<testsuite skipped="0" hostname="MS-20170914WAMZ" name="testngtestrefer.TestNGLOG" tests="1" failures="0" timestamp="10 十月 2017 02:22:01 GMT" time="10.907" errors="0">
  <testcase name="testReport" time="10.907" classname="testngtestrefer.TestNGLOG"/>
</testsuite> <!-- testngtestrefer.TestNGLOG -->
