<?xml version="1.0" encoding="UTF-8"?>
<!-- Generated by org.testng.reporters.JUnitReportReporter -->
<testsuite skipped="0" hostname="MS-20170914WAMZ" name="testngdemo2.TestNGDepends2" tests="4" failures="0" timestamp="07 十二月 2017 06:17:42 GMT" time="0.014" errors="0">
  <testcase name="restartTomcatService" time="0.014" classname="testngdemo2.TestNGDepends2"/>
  <testcase name="shutDownApp" time="0.000" classname="testngdemo2.TestNGDepends2"/>
  <testcase name="startAppServer" time="0.000" classname="testngdemo2.TestNGDepends2"/>
  <testcase name="tomcatServiceIsDown" time="0.000" classname="testngdemo2.TestNGDepends2"/>
</testsuite> <!-- testngdemo2.TestNGDepends2 -->
