<?xml version="1.0" encoding="UTF-8"?>
<!-- Generated by org.testng.reporters.JUnitReportReporter -->
<testsuite skipped="0" hostname="MS-20170914WAMZ" name="testsutes.TestWithPOM2" tests="1" failures="0" timestamp="11 十月 2017 02:50:12 GMT" time="3.744" errors="0">
  <testcase name="testLogin" time="3.744" classname="testsutes.TestWithPOM2"/>
</testsuite> <!-- testsutes.TestWithPOM2 -->
