<?xml version="1.0" encoding="UTF-8"?>
<!-- Generated by org.testng.reporters.JUnitReportReporter -->
<testsuite skipped="0" hostname="MS-20170914WAMZ" name="testngdemo2.TimeOutTest1" tests="1" failures="0" timestamp="07 十二月 2017 01:59:24 GMT" time="2.831" errors="0">
  <testcase name="loginTest" time="2.831" classname="testngdemo2.TimeOutTest1"/>
</testsuite> <!-- testngdemo2.TimeOutTest1 -->
