<?xml version="1.0" encoding="UTF-8"?>
<!-- Generated by org.testng.reporters.JUnitReportReporter -->
<testsuite skipped="0" hostname="MS-20170914WAMZ" name="testngtestrefer.TestNGDDT2" tests="4" failures="0" timestamp="10 十月 2017 02:00:15 GMT" time="55.014" errors="0">
  <testcase name="TestLogin" time="12.234" classname="testngtestrefer.TestNGDDT2"/>
  <testcase name="TestLogin" time="17.600" classname="testngtestrefer.TestNGDDT2"/>
  <testcase name="TestLogin" time="12.256" classname="testngtestrefer.TestNGDDT2"/>
  <testcase name="TestLogin" time="12.924" classname="testngtestrefer.TestNGDDT2"/>
</testsuite> <!-- testngtestrefer.TestNGDDT2 -->
