<?xml version="1.0" encoding="UTF-8"?>
<!-- Generated by org.testng.reporters.JUnitReportReporter -->
<testsuite skipped="0" hostname="MS-20170914WAMZ" name="testngtestrefer.TestCrossBrowser" tests="2" failures="0" timestamp="10 十月 2017 02:20:28 GMT" time="37.696" errors="0">
  <testcase name="startBrowser" time="15.857" classname="testngtestrefer.TestCrossBrowser"/>
  <testcase name="startBrowser" time="21.839" classname="testngtestrefer.TestCrossBrowser"/>
</testsuite> <!-- testngtestrefer.TestCrossBrowser -->
