<?xml version="1.0" encoding="UTF-8"?>
<!-- Generated by org.testng.reporters.JUnitReportReporter -->
<testsuite skipped="1" hostname="MS-20170914WAMZ" name="testngdemo2.TestEnabled1" tests="4" failures="0" timestamp="07 十二月 2017 02:07:45 GMT" time="0.010" errors="0">
  <testcase name="test4" time="0.000" classname="testngdemo2.TestEnabled1"/>
  <testcase name="test3" time="0.000" classname="testngdemo2.TestEnabled1"/>
  <testcase name="test1" time="0.010" classname="testngdemo2.TestEnabled1"/>
  <testcase name="test2" classname="testngdemo2.TestEnabled1">
    <skipped/>
  </testcase> <!-- test2 -->
</testsuite> <!-- testngdemo2.TestEnabled1 -->
