<?xml version="1.0" encoding="UTF-8"?>
<!-- Generated by org.testng.reporters.JUnitReportReporter -->
<testsuite skipped="0" hostname="MS-20170914WAMZ" name="testngdemo2.TestGroups1" tests="3" failures="0" timestamp="07 十二月 2017 05:51:17 GMT" time="0.018" errors="0">
  <testcase name="test03" time="0.016" classname="testngdemo2.TestGroups1"/>
  <testcase name="test01" time="0.002" classname="testngdemo2.TestGroups1"/>
  <testcase name="test02" time="0.000" classname="testngdemo2.TestGroups1"/>
</testsuite> <!-- testngdemo2.TestGroups1 -->
