<?xml version="1.0" encoding="UTF-8"?>
<!-- Generated by org.testng.reporters.JUnitReportReporter -->
<testsuite skipped="0" hostname="MS-20170914WAMZ" name="testngdemo3.TestAssert4" tests="1" failures="0" timestamp="07 十二月 2017 02:54:43 GMT" time="0.016" errors="0">
  <testcase name="AssertTest" time="0.016" classname="testngdemo3.TestAssert4"/>
</testsuite> <!-- testngdemo3.TestAssert4 -->
