<?xml version="1.0" encoding="UTF-8"?>
<!-- Generated by org.testng.reporters.JUnitReportReporter -->
<testsuite skipped="0" hostname="MS-20170914WAMZ" name="testngtestrefer.FirstTestNGTest" tests="1" failures="0" timestamp="30 九月 2017 05:55:14 GMT" time="4.512" errors="0">
  <testcase name="f" time="4.512" classname="testngtestrefer.FirstTestNGTest"/>
</testsuite> <!-- testngtestrefer.FirstTestNGTest -->
