<?xml version="1.0" encoding="UTF-8"?>
<!-- Generated by org.testng.reporters.JUnitReportReporter -->
<testsuite skipped="0" hostname="MS-20170914WAMZ" name="testngdemo2.TestDepend1" tests="5" failures="0" timestamp="07 十二月 2017 02:25:41 GMT" time="0.020" errors="0">
  <testcase name="test1" time="0.000" classname="testngdemo2.TestDepend1"/>
  <testcase name="test3" time="0.002" classname="testngdemo2.TestDepend1"/>
  <testcase name="test4" time="0.001" classname="testngdemo2.TestDepend1"/>
  <testcase name="test5" time="0.015" classname="testngdemo2.TestDepend1"/>
  <testcase name="test2" time="0.002" classname="testngdemo2.TestDepend1"/>
</testsuite> <!-- testngdemo2.TestDepend1 -->
