<?xml version="1.0" encoding="UTF-8"?>
<!-- Generated by org.testng.reporters.JUnitReportReporter -->
<testsuite skipped="0" hostname="MS-20170914WAMZ" name="testngdemo2.TestPriority" tests="4" failures="0" timestamp="07 十二月 2017 02:13:46 GMT" time="0.000" errors="0">
  <testcase name="test4" time="0.000" classname="testngdemo2.TestPriority"/>
  <testcase name="test3" time="0.000" classname="testngdemo2.TestPriority"/>
  <testcase name="test2" time="0.000" classname="testngdemo2.TestPriority"/>
  <testcase name="test1" time="0.000" classname="testngdemo2.TestPriority"/>
</testsuite> <!-- testngdemo2.TestPriority -->
