<?xml version="1.0" encoding="UTF-8"?>
<!-- Generated by org.testng.reporters.JUnitReportReporter -->
<testsuite skipped="0" hostname="MS-20170914WAMZ" name="testngdemo.TestNGNewWindow" tests="3" failures="0" timestamp="08 十二月 2017 03:25:47 GMT" time="9.663" errors="0">
  <testcase name="getWindowMethod1" time="8.525" classname="testngdemo.TestNGNewWindow"/>
  <testcase name="getWindowMethod3" time="0.804" classname="testngdemo.TestNGNewWindow"/>
  <testcase name="getWindowMethod2" time="0.334" classname="testngdemo.TestNGNewWindow"/>
</testsuite> <!-- testngdemo.TestNGNewWindow -->
