<?xml version="1.0" encoding="UTF-8"?>
<!-- Generated by org.testng.reporters.JUnitReportReporter -->
<testsuite skipped="0" hostname="MS-20170914WAMZ" name="testngtestrefer.TestWithoutPOM" tests="1" failures="0" timestamp="10 十月 2017 06:41:47 GMT" time="7.200" errors="0">
  <testcase name="testLogin" time="7.200" classname="testngtestrefer.TestWithoutPOM"/>
</testsuite> <!-- testngtestrefer.TestWithoutPOM -->
