<?xml version="1.0" encoding="UTF-8"?>
<!-- Generated by org.testng.reporters.JUnitReportReporter -->
<testsuite skipped="0" hostname="MS-20170914WAMZ" name="testngtestrefer.TestNGDDT1" tests="2" failures="0" timestamp="10 十月 2017 01:40:26 GMT" time="25.727" errors="0">
  <testcase name="TestLogin" time="13.444" classname="testngtestrefer.TestNGDDT1"/>
  <testcase name="TestLogin" time="12.283" classname="testngtestrefer.TestNGDDT1"/>
</testsuite> <!-- testngtestrefer.TestNGDDT1 -->
