<?xml version="1.0" encoding="UTF-8"?>
<!-- Generated by org.testng.reporters.JUnitReportReporter -->
<testsuite skipped="0" hostname="MS-20170914WAMZ" name="testngtestrefer.TestNGDepends" tests="3" failures="0" timestamp="10 十月 2017 02:35:51 GMT" time="8.237" errors="0">
  <testcase name="testSearch2" time="2.329" classname="testngtestrefer.TestNGDepends"/>
  <testcase name="testSearch" time="2.522" classname="testngtestrefer.TestNGDepends"/>
  <testcase name="openBaidu" time="3.386" classname="testngtestrefer.TestNGDepends"/>
</testsuite> <!-- testngtestrefer.TestNGDepends -->
