<?xml version="1.0" encoding="UTF-8"?>
<!-- Generated by org.testng.reporters.JUnitReportReporter -->
<testsuite skipped="1" hostname="MS-20170914WAMZ" name="testngtestrefer.TestNGDepends2" tests="3" failures="0" timestamp="10 十月 2017 03:19:20 GMT" time="5.112" errors="0">
  <testcase name="testSearch" time="1.409" classname="testngtestrefer.TestNGDepends2"/>
  <testcase name="openBaidu" time="3.703" classname="testngtestrefer.TestNGDepends2"/>
  <testcase name="testSearch2" classname="testngtestrefer.TestNGDepends2">
    <skipped/>
  </testcase> <!-- testSearch2 -->
</testsuite> <!-- testngtestrefer.TestNGDepends2 -->
