<?xml version="1.0" encoding="UTF-8"?>
<!-- Generated by org.testng.reporters.JUnitReportReporter -->
<testsuite skipped="0" hostname="MS-20170914WAMZ" name="testngdemo3.TestAssert2" tests="1" failures="0" timestamp="07 十二月 2017 02:46:36 GMT" time="0.000" errors="0">
  <testcase name="AssertTest" time="0.000" classname="testngdemo3.TestAssert2"/>
</testsuite> <!-- testngdemo3.TestAssert2 -->
